<?xml version="1.0" encoding="UTF-8"?>
<!-- Generated by org.testng.reporters.JUnitReportReporter -->
<testsuite hostname="NEW-PC" name="googleTest.GoogleTest" tests="1" failures="0" timestamp="19 Mar 2017 11:39:54 GMT" time="124.495" errors="0">
  <testcase name="googleTest" time="124.495" classname="googleTest.GoogleTest"/>
</testsuite> <!-- googleTest.GoogleTest -->
